<?xml version="1.0" encoding="UTF-8"?>
<testng-results skipped="0" failed="0" ignored="0" total="1" passed="1">
  <reporter-output>
  </reporter-output>
  <suite name="Default suite" duration-ms="5905" started-at="2020-07-04T19:22:54 IST" finished-at="2020-07-04T19:23:00 IST">
    <groups>
    </groups>
    <test name="Default test" duration-ms="5905" started-at="2020-07-04T19:22:54 IST" finished-at="2020-07-04T19:23:00 IST">
      <class name="AirtelAPIAutomationTask.Airtel.GetAPITest">
        <test-method status="PASS" signature="baseTest()[pri:0, instance:AirtelAPIAutomationTask.Airtel.GetAPITest@53f65459]" name="baseTest" is-config="true" duration-ms="722" started-at="2020-07-04T19:22:54 IST" finished-at="2020-07-04T19:22:55 IST">
          <reporter-output>
          </reporter-output>
        </test-method> <!-- baseTest -->
        <test-method status="PASS" signature="getAirtelAPITest()[pri:0, instance:AirtelAPIAutomationTask.Airtel.GetAPITest@53f65459]" name="getAirtelAPITest" duration-ms="4855" started-at="2020-07-04T19:22:55 IST" finished-at="2020-07-04T19:23:00 IST">
          <reporter-output>
          </reporter-output>
        </test-method> <!-- getAirtelAPITest -->
      </class> <!-- AirtelAPIAutomationTask.Airtel.GetAPITest -->
    </test> <!-- Default test -->
  </suite> <!-- Default suite -->
</testng-results>
